
==================================================================================
          _____________ ________ _______________ ________     _________  
         / ___________// ______ \\_____   _____// ______ \   / ________) 
        / /_________  / /      \ \     | |     / /      \ \ | (_______   
       |  __________|| |        | |    | |    | |        | | \________ \ 
        \ \_________ | |        | |    | |     \ \______/ /___________) |
         \__________||_|        |_|    |_|      \________//____________/ 

==================================================================================

 Git hash:   9c268fd76fb8ccbce93bda06bfd2c3434c1bbab6
 Git date:   Sun, 24 May 2020 22:01:32 +0100
 Compiler:   GNU 9.3.0
 Build type: Release
 Version:    0.8.0

 Start time: Tue May 26 14:55:10 2020

 Data directory: /home/walter/Documents/GitHub/entos/cmake-build-release/share/entos/0.8.0/data
 Number of threads: 8
 Number of threads was determined by: number of physical cores

 --------------------------------------------------------------------------------
                                   command: xtb                                  
 --------------------------------------------------------------------------------
 XTB basis setup:                        reference basis
 Repulsive energy:                       0.074871050
 D3BJ dispersion energy:                -0.134427362
 Max number of iterations:             128
 Conv. threshold (gradient):             1.00e-05
 Conv. threshold (energy):               1.00e-06
 Interpolation scheme:                   cdiis

 ----------------------------------------------------------------
                   energy        change          grad        time
 ----------------------------------------------------------------
   0       -77.742924777                    2.97e+00        0.83
   1       -83.933521723     -6.19e+00      5.15e+00        0.83
   2       -86.826192801     -2.89e+00      2.77e+00        0.85
   3       -87.914275048     -1.09e+00      1.22e+00        0.84
   4       -88.039522007     -1.25e-01      4.50e-01        0.83
   5       -88.073010391     -3.35e-02      2.81e-01        0.81
   6       -88.085726528     -1.27e-02      1.77e-01        0.82
   7       -87.594050861      4.92e-01      2.36e+00        0.83
   8       -88.074493938     -4.80e-01      4.25e-01        0.82
   9       -88.091810769     -1.73e-02      1.35e-01        0.84
  10       -88.092415006     -6.04e-04      1.40e-01        0.84
  11       -88.093272969     -8.58e-04      1.16e-01        0.82
  12       -88.093455297     -1.82e-04      1.10e-01        0.82
  13       -88.093759459     -3.04e-04      7.08e-02        0.82
  14       -88.093943103     -1.84e-04      4.50e-02        0.83
  15       -88.094039711     -9.66e-05      1.08e-02        0.85
  16       -88.094050722     -1.10e-05      4.00e-03        0.84
  17       -88.094051124     -4.02e-07      1.53e-03        0.81
  18       -88.094051260     -1.36e-07      2.57e-04        0.84
  19       -88.094051270     -9.85e-09      3.19e-05        0.83
  20       -88.094051270     -1.49e-10      7.97e-06        0.82

 SCF converged in 20 iterations.

 Number of electrons:                  128.000000000
 Temperature in kelvin (T):            300.000000000
 Entropy contribution (ST):             -0.000000018
 Total energy in Hartree:              -88.094051288
 Saving results in set 'tot_E'

 --------------------------------------------------------------------------------

 End time:           Tue May 26 14:55:28 2020
 Total time elapsed: 18 s

==================================================================================
